2019-10-13T01:37:33.005Z [leave_show_all_leave] error: SequelizeDatabaseError: column "updatedAt" does not exist
2019-10-13T01:41:32.517Z [leave_show_all_leave] error: SequelizeDatabaseError: column "updatedAt" does not exist
2019-10-13T01:42:29.255Z [leave_show_all_leave] error: SequelizeDatabaseError: column "updatedAt" does not exist
2019-10-13T01:42:29.942Z [leave_show_all_leave] error: SequelizeDatabaseError: column "updatedAt" does not exist
2019-10-13T01:42:38.660Z [leave_show_all_leave] error: SequelizeDatabaseError: column "updatedAt" does not exist
2019-10-13T03:36:51.193Z [leave_show_all_leave] error: SequelizeDatabaseError: column "updatedAt" does not exist
2019-10-13T03:53:27.399Z [undefined] error: uncaughtException: Unexpected identifier
C:\Users\Melvin\Documents\GithubRepo\PO_PSR_express_sequelize\server\controller\admin.js:86
                is_admin: true
                ^^^^^^^^

SyntaxError: Unexpected identifier
    at Module._compile (internal/modules/cjs/loader.js:723:23)
    at Object.Module._extensions..js (internal/modules/cjs/loader.js:789:10)
    at Module.load (internal/modules/cjs/loader.js:653:32)
    at tryModuleLoad (internal/modules/cjs/loader.js:593:12)
    at Function.Module._load (internal/modules/cjs/loader.js:585:3)
    at Module.require (internal/modules/cjs/loader.js:692:17)
    at require (internal/modules/cjs/helpers.js:25:18)
    at Object.<anonymous> (C:\Users\Melvin\Documents\GithubRepo\PO_PSR_express_sequelize\server\routes\admin.js:3:13)
    at Module._compile (internal/modules/cjs/loader.js:778:30)
    at Object.Module._extensions..js (internal/modules/cjs/loader.js:789:10)
    at Module.load (internal/modules/cjs/loader.js:653:32)
    at tryModuleLoad (internal/modules/cjs/loader.js:593:12)
    at Function.Module._load (internal/modules/cjs/loader.js:585:3)
    at Module.require (internal/modules/cjs/loader.js:692:17)
    at require (internal/modules/cjs/helpers.js:25:18)
    at Object.<anonymous> (C:\Users\Melvin\Documents\GithubRepo\PO_PSR_express_sequelize\server\app.js:15:13)
    at Module._compile (internal/modules/cjs/loader.js:778:30)
    at Object.Module._extensions..js (internal/modules/cjs/loader.js:789:10)
    at Module.load (internal/modules/cjs/loader.js:653:32)
    at tryModuleLoad (internal/modules/cjs/loader.js:593:12)
    at Function.Module._load (internal/modules/cjs/loader.js:585:3)
    at Module.require (internal/modules/cjs/loader.js:692:17)
2019-10-13T03:53:29.838Z [undefined] error: uncaughtException: Unexpected token :
C:\Users\Melvin\Documents\GithubRepo\PO_PSR_express_sequelize\server\controller\admin.js:86
                is_admin: true
                        ^

SyntaxError: Unexpected token :
    at Module._compile (internal/modules/cjs/loader.js:723:23)
    at Object.Module._extensions..js (internal/modules/cjs/loader.js:789:10)
    at Module.load (internal/modules/cjs/loader.js:653:32)
    at tryModuleLoad (internal/modules/cjs/loader.js:593:12)
    at Function.Module._load (internal/modules/cjs/loader.js:585:3)
    at Module.require (internal/modules/cjs/loader.js:692:17)
    at require (internal/modules/cjs/helpers.js:25:18)
    at Object.<anonymous> (C:\Users\Melvin\Documents\GithubRepo\PO_PSR_express_sequelize\server\routes\admin.js:3:13)
    at Module._compile (internal/modules/cjs/loader.js:778:30)
    at Object.Module._extensions..js (internal/modules/cjs/loader.js:789:10)
    at Module.load (internal/modules/cjs/loader.js:653:32)
    at tryModuleLoad (internal/modules/cjs/loader.js:593:12)
    at Function.Module._load (internal/modules/cjs/loader.js:585:3)
    at Module.require (internal/modules/cjs/loader.js:692:17)
    at require (internal/modules/cjs/helpers.js:25:18)
    at Object.<anonymous> (C:\Users\Melvin\Documents\GithubRepo\PO_PSR_express_sequelize\server\app.js:15:13)
    at Module._compile (internal/modules/cjs/loader.js:778:30)
    at Object.Module._extensions..js (internal/modules/cjs/loader.js:789:10)
    at Module.load (internal/modules/cjs/loader.js:653:32)
    at tryModuleLoad (internal/modules/cjs/loader.js:593:12)
    at Function.Module._load (internal/modules/cjs/loader.js:585:3)
    at Module.require (internal/modules/cjs/loader.js:692:17)
2019-10-13T03:53:33.261Z [undefined] error: uncaughtException: Unexpected token :
C:\Users\Melvin\Documents\GithubRepo\PO_PSR_express_sequelize\server\controller\admin.js:86
                is_admin: true
                        ^

SyntaxError: Unexpected token :
    at Module._compile (internal/modules/cjs/loader.js:723:23)
    at Object.Module._extensions..js (internal/modules/cjs/loader.js:789:10)
    at Module.load (internal/modules/cjs/loader.js:653:32)
    at tryModuleLoad (internal/modules/cjs/loader.js:593:12)
    at Function.Module._load (internal/modules/cjs/loader.js:585:3)
    at Module.require (internal/modules/cjs/loader.js:692:17)
    at require (internal/modules/cjs/helpers.js:25:18)
    at Object.<anonymous> (C:\Users\Melvin\Documents\GithubRepo\PO_PSR_express_sequelize\server\routes\admin.js:3:13)
    at Module._compile (internal/modules/cjs/loader.js:778:30)
    at Object.Module._extensions..js (internal/modules/cjs/loader.js:789:10)
    at Module.load (internal/modules/cjs/loader.js:653:32)
    at tryModuleLoad (internal/modules/cjs/loader.js:593:12)
    at Function.Module._load (internal/modules/cjs/loader.js:585:3)
    at Module.require (internal/modules/cjs/loader.js:692:17)
    at require (internal/modules/cjs/helpers.js:25:18)
    at Object.<anonymous> (C:\Users\Melvin\Documents\GithubRepo\PO_PSR_express_sequelize\server\app.js:15:13)
    at Module._compile (internal/modules/cjs/loader.js:778:30)
    at Object.Module._extensions..js (internal/modules/cjs/loader.js:789:10)
    at Module.load (internal/modules/cjs/loader.js:653:32)
    at tryModuleLoad (internal/modules/cjs/loader.js:593:12)
    at Function.Module._load (internal/modules/cjs/loader.js:585:3)
    at Module.require (internal/modules/cjs/loader.js:692:17)
2019-10-13T03:54:06.296Z [undefined] error: uncaughtException: Unexpected token }
C:\Users\Melvin\Documents\GithubRepo\PO_PSR_express_sequelize\server\controller\admin.js:119
            });
            ^

SyntaxError: Unexpected token }
    at Module._compile (internal/modules/cjs/loader.js:723:23)
    at Object.Module._extensions..js (internal/modules/cjs/loader.js:789:10)
    at Module.load (internal/modules/cjs/loader.js:653:32)
    at tryModuleLoad (internal/modules/cjs/loader.js:593:12)
    at Function.Module._load (internal/modules/cjs/loader.js:585:3)
    at Module.require (internal/modules/cjs/loader.js:692:17)
    at require (internal/modules/cjs/helpers.js:25:18)
    at Object.<anonymous> (C:\Users\Melvin\Documents\GithubRepo\PO_PSR_express_sequelize\server\routes\admin.js:3:13)
    at Module._compile (internal/modules/cjs/loader.js:778:30)
    at Object.Module._extensions..js (internal/modules/cjs/loader.js:789:10)
    at Module.load (internal/modules/cjs/loader.js:653:32)
    at tryModuleLoad (internal/modules/cjs/loader.js:593:12)
    at Function.Module._load (internal/modules/cjs/loader.js:585:3)
    at Module.require (internal/modules/cjs/loader.js:692:17)
    at require (internal/modules/cjs/helpers.js:25:18)
    at Object.<anonymous> (C:\Users\Melvin\Documents\GithubRepo\PO_PSR_express_sequelize\server\app.js:15:13)
    at Module._compile (internal/modules/cjs/loader.js:778:30)
    at Object.Module._extensions..js (internal/modules/cjs/loader.js:789:10)
    at Module.load (internal/modules/cjs/loader.js:653:32)
    at tryModuleLoad (internal/modules/cjs/loader.js:593:12)
    at Function.Module._load (internal/modules/cjs/loader.js:585:3)
    at Module.require (internal/modules/cjs/loader.js:692:17)
2019-10-13T03:56:42.081Z [undefined] error: uncaughtException: stream.write is not a function
TypeError: stream.write is not a function
    at Array.logRequest (C:\Users\Melvin\Documents\GithubRepo\PO_PSR_express_sequelize\server\node_modules\morgan\index.js:130:14)
    at listener (C:\Users\Melvin\Documents\GithubRepo\PO_PSR_express_sequelize\server\node_modules\on-finished\index.js:169:15)
    at onFinish (C:\Users\Melvin\Documents\GithubRepo\PO_PSR_express_sequelize\server\node_modules\on-finished\index.js:100:5)
    at callback (C:\Users\Melvin\Documents\GithubRepo\PO_PSR_express_sequelize\server\node_modules\ee-first\index.js:55:10)
    at Socket.onevent (C:\Users\Melvin\Documents\GithubRepo\PO_PSR_express_sequelize\server\node_modules\ee-first\index.js:93:5)
    at Socket.emit (events.js:203:15)
    at TCP._handle.close (net.js:606:12)
2019-10-14T12:30:26.920Z [undefined] error: uncaughtException: stream.write is not a function
TypeError: stream.write is not a function
    at Array.logRequest (C:\Users\Melvin\Documents\GithubRepo\PO_PSR_express_sequelize\server\node_modules\morgan\index.js:130:14)
    at listener (C:\Users\Melvin\Documents\GithubRepo\PO_PSR_express_sequelize\server\node_modules\on-finished\index.js:169:15)
    at onFinish (C:\Users\Melvin\Documents\GithubRepo\PO_PSR_express_sequelize\server\node_modules\on-finished\index.js:100:5)
    at callback (C:\Users\Melvin\Documents\GithubRepo\PO_PSR_express_sequelize\server\node_modules\ee-first\index.js:55:10)
    at Socket.onevent (C:\Users\Melvin\Documents\GithubRepo\PO_PSR_express_sequelize\server\node_modules\ee-first\index.js:93:5)
    at Socket.emit (events.js:203:15)
    at TCP._handle.close (net.js:606:12)
2019-10-20T07:03:36.074Z [leave_report] error: SequelizeDatabaseError: invalid input syntax for type uuid: "all"
2019-10-20T07:06:13.290Z [leave_report] error: SequelizeDatabaseError: invalid input syntax for type uuid: "all"
2019-10-20T07:12:26.167Z [leave_page_promise] error: TypeError: Cannot read property 'params' of undefined
2019-10-20T07:13:54.503Z [leave_page_promise] error: TypeError: Cannot read property 'params' of undefined
2019-10-20T07:18:37.861Z [undefined] error: uncaughtException: Unexpected token )
C:\Users\Melvin\Documents\GithubRepo\PO_PSR_express_sequelize\server\controller\leave.js:17
    console.log(req.params.)
                           ^

SyntaxError: Unexpected token )
    at Module._compile (internal/modules/cjs/loader.js:723:23)
    at Object.Module._extensions..js (internal/modules/cjs/loader.js:789:10)
    at Module.load (internal/modules/cjs/loader.js:653:32)
    at tryModuleLoad (internal/modules/cjs/loader.js:593:12)
    at Function.Module._load (internal/modules/cjs/loader.js:585:3)
    at Module.require (internal/modules/cjs/loader.js:692:17)
    at require (internal/modules/cjs/helpers.js:25:18)
    at Object.<anonymous> (C:\Users\Melvin\Documents\GithubRepo\PO_PSR_express_sequelize\server\routes\leave.js:3:13)
    at Module._compile (internal/modules/cjs/loader.js:778:30)
    at Object.Module._extensions..js (internal/modules/cjs/loader.js:789:10)
    at Module.load (internal/modules/cjs/loader.js:653:32)
    at tryModuleLoad (internal/modules/cjs/loader.js:593:12)
    at Function.Module._load (internal/modules/cjs/loader.js:585:3)
    at Module.require (internal/modules/cjs/loader.js:692:17)
    at require (internal/modules/cjs/helpers.js:25:18)
    at Object.<anonymous> (C:\Users\Melvin\Documents\GithubRepo\PO_PSR_express_sequelize\server\app.js:14:13)
    at Module._compile (internal/modules/cjs/loader.js:778:30)
    at Object.Module._extensions..js (internal/modules/cjs/loader.js:789:10)
    at Module.load (internal/modules/cjs/loader.js:653:32)
    at tryModuleLoad (internal/modules/cjs/loader.js:593:12)
    at Function.Module._load (internal/modules/cjs/loader.js:585:3)
    at Module.require (internal/modules/cjs/loader.js:692:17)
2019-10-20T07:18:47.305Z [leave_page_promise] error: TypeError: Cannot read property 'params' of undefined
2019-10-20T07:19:56.747Z [leave_page_promise] error: TypeError: Cannot read property 'findAll' of undefined
2019-10-20T07:22:51.699Z [leave_page_promise] error: TypeError: Cannot read property 'findAll' of undefined
2019-10-20T07:27:34.566Z [leave_page_promise] error: TypeError: Cannot read property 'params' of undefined
2019-10-20T07:28:32.362Z [leave_page_promise] error: TypeError: Cannot read property 'findAll' of undefined
2019-10-20T07:29:42.172Z [undefined] error: uncaughtException: Unexpected string
C:\Users\Melvin\Documents\GithubRepo\PO_PSR_express_sequelize\server\controller\psr.js:60
                attributes: [[sequelize.fn('COUNT', sequelize.col('id'). 'count')]]
                                                                         ^^^^^^^

SyntaxError: Unexpected string
    at Module._compile (internal/modules/cjs/loader.js:723:23)
    at Object.Module._extensions..js (internal/modules/cjs/loader.js:789:10)
    at Module.load (internal/modules/cjs/loader.js:653:32)
    at tryModuleLoad (internal/modules/cjs/loader.js:593:12)
    at Function.Module._load (internal/modules/cjs/loader.js:585:3)
    at Module.require (internal/modules/cjs/loader.js:692:17)
    at require (internal/modules/cjs/helpers.js:25:18)
    at Object.<anonymous> (C:\Users\Melvin\Documents\GithubRepo\PO_PSR_express_sequelize\server\routes\psr.js:3:11)
    at Module._compile (internal/modules/cjs/loader.js:778:30)
    at Object.Module._extensions..js (internal/modules/cjs/loader.js:789:10)
    at Module.load (internal/modules/cjs/loader.js:653:32)
    at tryModuleLoad (internal/modules/cjs/loader.js:593:12)
    at Function.Module._load (internal/modules/cjs/loader.js:585:3)
    at Module.require (internal/modules/cjs/loader.js:692:17)
    at require (internal/modules/cjs/helpers.js:25:18)
    at Object.<anonymous> (C:\Users\Melvin\Documents\GithubRepo\PO_PSR_express_sequelize\server\app.js:13:11)
    at Module._compile (internal/modules/cjs/loader.js:778:30)
    at Object.Module._extensions..js (internal/modules/cjs/loader.js:789:10)
    at Module.load (internal/modules/cjs/loader.js:653:32)
    at tryModuleLoad (internal/modules/cjs/loader.js:593:12)
    at Function.Module._load (internal/modules/cjs/loader.js:585:3)
    at Module.require (internal/modules/cjs/loader.js:692:17)
2019-10-20T07:30:36.315Z [psr_show_psr_page_total_page] error: Error: [{"fn":"COUNT","args":[{"col":"id"},"count"]}] is not a valid attribute definition. Please use the following format: ['attribute definition', 'alias']
2019-10-20T07:30:36.316Z [psr_show_psr_page_promise] error: TypeError: Cannot read property 'params' of undefined
2019-10-20T07:31:26.264Z [psr_show_psr_page_total_page] error: Error: [{"fn":"COUNT","args":[{"col":"id"},"count"]}] is not a valid attribute definition. Please use the following format: ['attribute definition', 'alias']
2019-10-20T07:31:26.266Z [psr_show_psr_page_promise] error: Error: [{"fn":"COUNT","args":[{"col":"id"},"count"]}] is not a valid attribute definition. Please use the following format: ['attribute definition', 'alias']
2019-10-20T07:32:36.921Z [psr_show_psr_page_total_page] error: Error: [{"fn":"COUNT","args":[{"col":"id"}]}] is not a valid attribute definition. Please use the following format: ['attribute definition', 'alias']
2019-10-20T07:32:36.922Z [psr_show_psr_page_promise] error: Error: [{"fn":"COUNT","args":[{"col":"id"}]}] is not a valid attribute definition. Please use the following format: ['attribute definition', 'alias']
2019-10-20T07:35:50.612Z [leave_page_promise] error: TypeError: Cannot read property 'findAll' of undefined
2019-10-20T08:58:55.790Z [psr_get_submits_promise] error: TypeError: Cannot read property 'params' of undefined
2019-10-20T09:07:12.714Z [undefined] error: uncaughtException: Unexpected token }
C:\Users\Melvin\Documents\GithubRepo\PO_PSR_express_sequelize\server\controller\psr.js:246
            }).then(total => {
            ^

SyntaxError: Unexpected token }
    at Module._compile (internal/modules/cjs/loader.js:723:23)
    at Object.Module._extensions..js (internal/modules/cjs/loader.js:789:10)
    at Module.load (internal/modules/cjs/loader.js:653:32)
    at tryModuleLoad (internal/modules/cjs/loader.js:593:12)
    at Function.Module._load (internal/modules/cjs/loader.js:585:3)
    at Module.require (internal/modules/cjs/loader.js:692:17)
    at require (internal/modules/cjs/helpers.js:25:18)
    at Object.<anonymous> (C:\Users\Melvin\Documents\GithubRepo\PO_PSR_express_sequelize\server\routes\psr.js:3:11)
    at Module._compile (internal/modules/cjs/loader.js:778:30)
    at Object.Module._extensions..js (internal/modules/cjs/loader.js:789:10)
    at Module.load (internal/modules/cjs/loader.js:653:32)
    at tryModuleLoad (internal/modules/cjs/loader.js:593:12)
    at Function.Module._load (internal/modules/cjs/loader.js:585:3)
    at Module.require (internal/modules/cjs/loader.js:692:17)
    at require (internal/modules/cjs/helpers.js:25:18)
    at Object.<anonymous> (C:\Users\Melvin\Documents\GithubRepo\PO_PSR_express_sequelize\server\app.js:13:11)
    at Module._compile (internal/modules/cjs/loader.js:778:30)
    at Object.Module._extensions..js (internal/modules/cjs/loader.js:789:10)
    at Module.load (internal/modules/cjs/loader.js:653:32)
    at tryModuleLoad (internal/modules/cjs/loader.js:593:12)
    at Function.Module._load (internal/modules/cjs/loader.js:585:3)
    at Module.require (internal/modules/cjs/loader.js:692:17)
2019-10-20T09:07:15.269Z [undefined] error: uncaughtException: Unexpected token {
C:\Users\Melvin\Documents\GithubRepo\PO_PSR_express_sequelize\server\controller\psr.js:244
                {
                ^

SyntaxError: Unexpected token {
    at Module._compile (internal/modules/cjs/loader.js:723:23)
    at Object.Module._extensions..js (internal/modules/cjs/loader.js:789:10)
    at Module.load (internal/modules/cjs/loader.js:653:32)
    at tryModuleLoad (internal/modules/cjs/loader.js:593:12)
    at Function.Module._load (internal/modules/cjs/loader.js:585:3)
    at Module.require (internal/modules/cjs/loader.js:692:17)
    at require (internal/modules/cjs/helpers.js:25:18)
    at Object.<anonymous> (C:\Users\Melvin\Documents\GithubRepo\PO_PSR_express_sequelize\server\routes\psr.js:3:11)
    at Module._compile (internal/modules/cjs/loader.js:778:30)
    at Object.Module._extensions..js (internal/modules/cjs/loader.js:789:10)
    at Module.load (internal/modules/cjs/loader.js:653:32)
    at tryModuleLoad (internal/modules/cjs/loader.js:593:12)
    at Function.Module._load (internal/modules/cjs/loader.js:585:3)
    at Module.require (internal/modules/cjs/loader.js:692:17)
    at require (internal/modules/cjs/helpers.js:25:18)
    at Object.<anonymous> (C:\Users\Melvin\Documents\GithubRepo\PO_PSR_express_sequelize\server\app.js:13:11)
    at Module._compile (internal/modules/cjs/loader.js:778:30)
    at Object.Module._extensions..js (internal/modules/cjs/loader.js:789:10)
    at Module.load (internal/modules/cjs/loader.js:653:32)
    at tryModuleLoad (internal/modules/cjs/loader.js:593:12)
    at Function.Module._load (internal/modules/cjs/loader.js:585:3)
    at Module.require (internal/modules/cjs/loader.js:692:17)
2019-10-20T09:07:17.628Z [undefined] error: uncaughtException: Unexpected token {
C:\Users\Melvin\Documents\GithubRepo\PO_PSR_express_sequelize\server\controller\psr.js:244
                {
                ^

SyntaxError: Unexpected token {
    at Module._compile (internal/modules/cjs/loader.js:723:23)
    at Object.Module._extensions..js (internal/modules/cjs/loader.js:789:10)
    at Module.load (internal/modules/cjs/loader.js:653:32)
    at tryModuleLoad (internal/modules/cjs/loader.js:593:12)
    at Function.Module._load (internal/modules/cjs/loader.js:585:3)
    at Module.require (internal/modules/cjs/loader.js:692:17)
    at require (internal/modules/cjs/helpers.js:25:18)
    at Object.<anonymous> (C:\Users\Melvin\Documents\GithubRepo\PO_PSR_express_sequelize\server\routes\psr.js:3:11)
    at Module._compile (internal/modules/cjs/loader.js:778:30)
    at Object.Module._extensions..js (internal/modules/cjs/loader.js:789:10)
    at Module.load (internal/modules/cjs/loader.js:653:32)
    at tryModuleLoad (internal/modules/cjs/loader.js:593:12)
    at Function.Module._load (internal/modules/cjs/loader.js:585:3)
    at Module.require (internal/modules/cjs/loader.js:692:17)
    at require (internal/modules/cjs/helpers.js:25:18)
    at Object.<anonymous> (C:\Users\Melvin\Documents\GithubRepo\PO_PSR_express_sequelize\server\app.js:13:11)
    at Module._compile (internal/modules/cjs/loader.js:778:30)
    at Object.Module._extensions..js (internal/modules/cjs/loader.js:789:10)
    at Module.load (internal/modules/cjs/loader.js:653:32)
    at tryModuleLoad (internal/modules/cjs/loader.js:593:12)
    at Function.Module._load (internal/modules/cjs/loader.js:585:3)
    at Module.require (internal/modules/cjs/loader.js:692:17)
2019-10-20T09:07:18.972Z [undefined] error: uncaughtException: Unexpected token {
C:\Users\Melvin\Documents\GithubRepo\PO_PSR_express_sequelize\server\controller\psr.js:244
                {
                ^

SyntaxError: Unexpected token {
    at Module._compile (internal/modules/cjs/loader.js:723:23)
    at Object.Module._extensions..js (internal/modules/cjs/loader.js:789:10)
    at Module.load (internal/modules/cjs/loader.js:653:32)
    at tryModuleLoad (internal/modules/cjs/loader.js:593:12)
    at Function.Module._load (internal/modules/cjs/loader.js:585:3)
    at Module.require (internal/modules/cjs/loader.js:692:17)
    at require (internal/modules/cjs/helpers.js:25:18)
    at Object.<anonymous> (C:\Users\Melvin\Documents\GithubRepo\PO_PSR_express_sequelize\server\routes\psr.js:3:11)
    at Module._compile (internal/modules/cjs/loader.js:778:30)
    at Object.Module._extensions..js (internal/modules/cjs/loader.js:789:10)
    at Module.load (internal/modules/cjs/loader.js:653:32)
    at tryModuleLoad (internal/modules/cjs/loader.js:593:12)
    at Function.Module._load (internal/modules/cjs/loader.js:585:3)
    at Module.require (internal/modules/cjs/loader.js:692:17)
    at require (internal/modules/cjs/helpers.js:25:18)
    at Object.<anonymous> (C:\Users\Melvin\Documents\GithubRepo\PO_PSR_express_sequelize\server\app.js:13:11)
    at Module._compile (internal/modules/cjs/loader.js:778:30)
    at Object.Module._extensions..js (internal/modules/cjs/loader.js:789:10)
    at Module.load (internal/modules/cjs/loader.js:653:32)
    at tryModuleLoad (internal/modules/cjs/loader.js:593:12)
    at Function.Module._load (internal/modules/cjs/loader.js:585:3)
    at Module.require (internal/modules/cjs/loader.js:692:17)
2019-10-20T09:07:21.247Z [undefined] error: uncaughtException: Unexpected token {
C:\Users\Melvin\Documents\GithubRepo\PO_PSR_express_sequelize\server\controller\psr.js:244
                {
                ^

SyntaxError: Unexpected token {
    at Module._compile (internal/modules/cjs/loader.js:723:23)
    at Object.Module._extensions..js (internal/modules/cjs/loader.js:789:10)
    at Module.load (internal/modules/cjs/loader.js:653:32)
    at tryModuleLoad (internal/modules/cjs/loader.js:593:12)
    at Function.Module._load (internal/modules/cjs/loader.js:585:3)
    at Module.require (internal/modules/cjs/loader.js:692:17)
    at require (internal/modules/cjs/helpers.js:25:18)
    at Object.<anonymous> (C:\Users\Melvin\Documents\GithubRepo\PO_PSR_express_sequelize\server\routes\psr.js:3:11)
    at Module._compile (internal/modules/cjs/loader.js:778:30)
    at Object.Module._extensions..js (internal/modules/cjs/loader.js:789:10)
    at Module.load (internal/modules/cjs/loader.js:653:32)
    at tryModuleLoad (internal/modules/cjs/loader.js:593:12)
    at Function.Module._load (internal/modules/cjs/loader.js:585:3)
    at Module.require (internal/modules/cjs/loader.js:692:17)
    at require (internal/modules/cjs/helpers.js:25:18)
    at Object.<anonymous> (C:\Users\Melvin\Documents\GithubRepo\PO_PSR_express_sequelize\server\app.js:13:11)
    at Module._compile (internal/modules/cjs/loader.js:778:30)
    at Object.Module._extensions..js (internal/modules/cjs/loader.js:789:10)
    at Module.load (internal/modules/cjs/loader.js:653:32)
    at tryModuleLoad (internal/modules/cjs/loader.js:593:12)
    at Function.Module._load (internal/modules/cjs/loader.js:585:3)
    at Module.require (internal/modules/cjs/loader.js:692:17)
2019-10-20T09:07:22.934Z [undefined] error: uncaughtException: Unexpected token {
C:\Users\Melvin\Documents\GithubRepo\PO_PSR_express_sequelize\server\controller\psr.js:244
                {
                ^

SyntaxError: Unexpected token {
    at Module._compile (internal/modules/cjs/loader.js:723:23)
    at Object.Module._extensions..js (internal/modules/cjs/loader.js:789:10)
    at Module.load (internal/modules/cjs/loader.js:653:32)
    at tryModuleLoad (internal/modules/cjs/loader.js:593:12)
    at Function.Module._load (internal/modules/cjs/loader.js:585:3)
    at Module.require (internal/modules/cjs/loader.js:692:17)
    at require (internal/modules/cjs/helpers.js:25:18)
    at Object.<anonymous> (C:\Users\Melvin\Documents\GithubRepo\PO_PSR_express_sequelize\server\routes\psr.js:3:11)
    at Module._compile (internal/modules/cjs/loader.js:778:30)
    at Object.Module._extensions..js (internal/modules/cjs/loader.js:789:10)
    at Module.load (internal/modules/cjs/loader.js:653:32)
    at tryModuleLoad (internal/modules/cjs/loader.js:593:12)
    at Function.Module._load (internal/modules/cjs/loader.js:585:3)
    at Module.require (internal/modules/cjs/loader.js:692:17)
    at require (internal/modules/cjs/helpers.js:25:18)
    at Object.<anonymous> (C:\Users\Melvin\Documents\GithubRepo\PO_PSR_express_sequelize\server\app.js:13:11)
    at Module._compile (internal/modules/cjs/loader.js:778:30)
    at Object.Module._extensions..js (internal/modules/cjs/loader.js:789:10)
    at Module.load (internal/modules/cjs/loader.js:653:32)
    at tryModuleLoad (internal/modules/cjs/loader.js:593:12)
    at Function.Module._load (internal/modules/cjs/loader.js:585:3)
    at Module.require (internal/modules/cjs/loader.js:692:17)
2019-10-20T09:07:25.709Z [undefined] error: uncaughtException: Unexpected token {
C:\Users\Melvin\Documents\GithubRepo\PO_PSR_express_sequelize\server\controller\psr.js:244
                {
                ^

SyntaxError: Unexpected token {
    at Module._compile (internal/modules/cjs/loader.js:723:23)
    at Object.Module._extensions..js (internal/modules/cjs/loader.js:789:10)
    at Module.load (internal/modules/cjs/loader.js:653:32)
    at tryModuleLoad (internal/modules/cjs/loader.js:593:12)
    at Function.Module._load (internal/modules/cjs/loader.js:585:3)
    at Module.require (internal/modules/cjs/loader.js:692:17)
    at require (internal/modules/cjs/helpers.js:25:18)
    at Object.<anonymous> (C:\Users\Melvin\Documents\GithubRepo\PO_PSR_express_sequelize\server\routes\psr.js:3:11)
    at Module._compile (internal/modules/cjs/loader.js:778:30)
    at Object.Module._extensions..js (internal/modules/cjs/loader.js:789:10)
    at Module.load (internal/modules/cjs/loader.js:653:32)
    at tryModuleLoad (internal/modules/cjs/loader.js:593:12)
    at Function.Module._load (internal/modules/cjs/loader.js:585:3)
    at Module.require (internal/modules/cjs/loader.js:692:17)
    at require (internal/modules/cjs/helpers.js:25:18)
    at Object.<anonymous> (C:\Users\Melvin\Documents\GithubRepo\PO_PSR_express_sequelize\server\app.js:13:11)
    at Module._compile (internal/modules/cjs/loader.js:778:30)
    at Object.Module._extensions..js (internal/modules/cjs/loader.js:789:10)
    at Module.load (internal/modules/cjs/loader.js:653:32)
    at tryModuleLoad (internal/modules/cjs/loader.js:593:12)
    at Function.Module._load (internal/modules/cjs/loader.js:585:3)
    at Module.require (internal/modules/cjs/loader.js:692:17)
2019-10-20T09:07:30.760Z [undefined] error: uncaughtException: Unexpected token {
C:\Users\Melvin\Documents\GithubRepo\PO_PSR_express_sequelize\server\controller\psr.js:249
                    }, {
                       ^

SyntaxError: Unexpected token {
    at Module._compile (internal/modules/cjs/loader.js:723:23)
    at Object.Module._extensions..js (internal/modules/cjs/loader.js:789:10)
    at Module.load (internal/modules/cjs/loader.js:653:32)
    at tryModuleLoad (internal/modules/cjs/loader.js:593:12)
    at Function.Module._load (internal/modules/cjs/loader.js:585:3)
    at Module.require (internal/modules/cjs/loader.js:692:17)
    at require (internal/modules/cjs/helpers.js:25:18)
    at Object.<anonymous> (C:\Users\Melvin\Documents\GithubRepo\PO_PSR_express_sequelize\server\routes\psr.js:3:11)
    at Module._compile (internal/modules/cjs/loader.js:778:30)
    at Object.Module._extensions..js (internal/modules/cjs/loader.js:789:10)
    at Module.load (internal/modules/cjs/loader.js:653:32)
    at tryModuleLoad (internal/modules/cjs/loader.js:593:12)
    at Function.Module._load (internal/modules/cjs/loader.js:585:3)
    at Module.require (internal/modules/cjs/loader.js:692:17)
    at require (internal/modules/cjs/helpers.js:25:18)
    at Object.<anonymous> (C:\Users\Melvin\Documents\GithubRepo\PO_PSR_express_sequelize\server\app.js:13:11)
    at Module._compile (internal/modules/cjs/loader.js:778:30)
    at Object.Module._extensions..js (internal/modules/cjs/loader.js:789:10)
    at Module.load (internal/modules/cjs/loader.js:653:32)
    at tryModuleLoad (internal/modules/cjs/loader.js:593:12)
    at Function.Module._load (internal/modules/cjs/loader.js:585:3)
    at Module.require (internal/modules/cjs/loader.js:692:17)
2019-10-20T09:07:35.984Z [undefined] error: uncaughtException: Unexpected token {
C:\Users\Melvin\Documents\GithubRepo\PO_PSR_express_sequelize\server\controller\psr.js:249
                    }, {
                       ^

SyntaxError: Unexpected token {
    at Module._compile (internal/modules/cjs/loader.js:723:23)
    at Object.Module._extensions..js (internal/modules/cjs/loader.js:789:10)
    at Module.load (internal/modules/cjs/loader.js:653:32)
    at tryModuleLoad (internal/modules/cjs/loader.js:593:12)
    at Function.Module._load (internal/modules/cjs/loader.js:585:3)
    at Module.require (internal/modules/cjs/loader.js:692:17)
    at require (internal/modules/cjs/helpers.js:25:18)
    at Object.<anonymous> (C:\Users\Melvin\Documents\GithubRepo\PO_PSR_express_sequelize\server\routes\psr.js:3:11)
    at Module._compile (internal/modules/cjs/loader.js:778:30)
    at Object.Module._extensions..js (internal/modules/cjs/loader.js:789:10)
    at Module.load (internal/modules/cjs/loader.js:653:32)
    at tryModuleLoad (internal/modules/cjs/loader.js:593:12)
    at Function.Module._load (internal/modules/cjs/loader.js:585:3)
    at Module.require (internal/modules/cjs/loader.js:692:17)
    at require (internal/modules/cjs/helpers.js:25:18)
    at Object.<anonymous> (C:\Users\Melvin\Documents\GithubRepo\PO_PSR_express_sequelize\server\app.js:13:11)
    at Module._compile (internal/modules/cjs/loader.js:778:30)
    at Object.Module._extensions..js (internal/modules/cjs/loader.js:789:10)
    at Module.load (internal/modules/cjs/loader.js:653:32)
    at tryModuleLoad (internal/modules/cjs/loader.js:593:12)
    at Function.Module._load (internal/modules/cjs/loader.js:585:3)
    at Module.require (internal/modules/cjs/loader.js:692:17)
2019-10-20T09:07:37.135Z [undefined] error: uncaughtException: Unexpected token {
C:\Users\Melvin\Documents\GithubRepo\PO_PSR_express_sequelize\server\controller\psr.js:249
                    }, {
                       ^

SyntaxError: Unexpected token {
    at Module._compile (internal/modules/cjs/loader.js:723:23)
    at Object.Module._extensions..js (internal/modules/cjs/loader.js:789:10)
    at Module.load (internal/modules/cjs/loader.js:653:32)
    at tryModuleLoad (internal/modules/cjs/loader.js:593:12)
    at Function.Module._load (internal/modules/cjs/loader.js:585:3)
    at Module.require (internal/modules/cjs/loader.js:692:17)
    at require (internal/modules/cjs/helpers.js:25:18)
    at Object.<anonymous> (C:\Users\Melvin\Documents\GithubRepo\PO_PSR_express_sequelize\server\routes\psr.js:3:11)
    at Module._compile (internal/modules/cjs/loader.js:778:30)
    at Object.Module._extensions..js (internal/modules/cjs/loader.js:789:10)
    at Module.load (internal/modules/cjs/loader.js:653:32)
    at tryModuleLoad (internal/modules/cjs/loader.js:593:12)
    at Function.Module._load (internal/modules/cjs/loader.js:585:3)
    at Module.require (internal/modules/cjs/loader.js:692:17)
    at require (internal/modules/cjs/helpers.js:25:18)
    at Object.<anonymous> (C:\Users\Melvin\Documents\GithubRepo\PO_PSR_express_sequelize\server\app.js:13:11)
    at Module._compile (internal/modules/cjs/loader.js:778:30)
    at Object.Module._extensions..js (internal/modules/cjs/loader.js:789:10)
    at Module.load (internal/modules/cjs/loader.js:653:32)
    at tryModuleLoad (internal/modules/cjs/loader.js:593:12)
    at Function.Module._load (internal/modules/cjs/loader.js:585:3)
    at Module.require (internal/modules/cjs/loader.js:692:17)
2019-10-20T09:08:04.171Z [undefined] error: uncaughtException: Unexpected identifier
C:\Users\Melvin\Documents\GithubRepo\PO_PSR_express_sequelize\server\controller\psr.js:249
                attributes: [[sequelize.fn('COUNT', sequelize.col('status_t1')), 'count']]
                ^^^^^^^^^^

SyntaxError: Unexpected identifier
    at Module._compile (internal/modules/cjs/loader.js:723:23)
    at Object.Module._extensions..js (internal/modules/cjs/loader.js:789:10)
    at Module.load (internal/modules/cjs/loader.js:653:32)
    at tryModuleLoad (internal/modules/cjs/loader.js:593:12)
    at Function.Module._load (internal/modules/cjs/loader.js:585:3)
    at Module.require (internal/modules/cjs/loader.js:692:17)
    at require (internal/modules/cjs/helpers.js:25:18)
    at Object.<anonymous> (C:\Users\Melvin\Documents\GithubRepo\PO_PSR_express_sequelize\server\routes\psr.js:3:11)
    at Module._compile (internal/modules/cjs/loader.js:778:30)
    at Object.Module._extensions..js (internal/modules/cjs/loader.js:789:10)
    at Module.load (internal/modules/cjs/loader.js:653:32)
    at tryModuleLoad (internal/modules/cjs/loader.js:593:12)
    at Function.Module._load (internal/modules/cjs/loader.js:585:3)
    at Module.require (internal/modules/cjs/loader.js:692:17)
    at require (internal/modules/cjs/helpers.js:25:18)
    at Object.<anonymous> (C:\Users\Melvin\Documents\GithubRepo\PO_PSR_express_sequelize\server\app.js:13:11)
    at Module._compile (internal/modules/cjs/loader.js:778:30)
    at Object.Module._extensions..js (internal/modules/cjs/loader.js:789:10)
    at Module.load (internal/modules/cjs/loader.js:653:32)
    at tryModuleLoad (internal/modules/cjs/loader.js:593:12)
    at Function.Module._load (internal/modules/cjs/loader.js:585:3)
    at Module.require (internal/modules/cjs/loader.js:692:17)
2019-10-20T09:08:55.529Z [undefined] error: uncaughtException: Unexpected identifier
C:\Users\Melvin\Documents\GithubRepo\PO_PSR_express_sequelize\server\controller\psr.js:174
                attributes: [[sequelize.fn('COUNT', sequelize.col('id')), 'count']]
                ^^^^^^^^^^

SyntaxError: Unexpected identifier
    at Module._compile (internal/modules/cjs/loader.js:723:23)
    at Object.Module._extensions..js (internal/modules/cjs/loader.js:789:10)
    at Module.load (internal/modules/cjs/loader.js:653:32)
    at tryModuleLoad (internal/modules/cjs/loader.js:593:12)
    at Function.Module._load (internal/modules/cjs/loader.js:585:3)
    at Module.require (internal/modules/cjs/loader.js:692:17)
    at require (internal/modules/cjs/helpers.js:25:18)
    at Object.<anonymous> (C:\Users\Melvin\Documents\GithubRepo\PO_PSR_express_sequelize\server\routes\psr.js:3:11)
    at Module._compile (internal/modules/cjs/loader.js:778:30)
    at Object.Module._extensions..js (internal/modules/cjs/loader.js:789:10)
    at Module.load (internal/modules/cjs/loader.js:653:32)
    at tryModuleLoad (internal/modules/cjs/loader.js:593:12)
    at Function.Module._load (internal/modules/cjs/loader.js:585:3)
    at Module.require (internal/modules/cjs/loader.js:692:17)
    at require (internal/modules/cjs/helpers.js:25:18)
    at Object.<anonymous> (C:\Users\Melvin\Documents\GithubRepo\PO_PSR_express_sequelize\server\app.js:13:11)
    at Module._compile (internal/modules/cjs/loader.js:778:30)
    at Object.Module._extensions..js (internal/modules/cjs/loader.js:789:10)
    at Module.load (internal/modules/cjs/loader.js:653:32)
    at tryModuleLoad (internal/modules/cjs/loader.js:593:12)
    at Function.Module._load (internal/modules/cjs/loader.js:585:3)
    at Module.require (internal/modules/cjs/loader.js:692:17)
2019-10-20T09:17:23.645Z [undefined] error: uncaughtException: Invalid regular expression: missing /
C:\Users\Melvin\Documents\GithubRepo\PO_PSR_express_sequelize\server\controller\psr.js:62
                resolve((/limit));
                         ^

SyntaxError: Invalid regular expression: missing /
    at Module._compile (internal/modules/cjs/loader.js:723:23)
    at Object.Module._extensions..js (internal/modules/cjs/loader.js:789:10)
    at Module.load (internal/modules/cjs/loader.js:653:32)
    at tryModuleLoad (internal/modules/cjs/loader.js:593:12)
    at Function.Module._load (internal/modules/cjs/loader.js:585:3)
    at Module.require (internal/modules/cjs/loader.js:692:17)
    at require (internal/modules/cjs/helpers.js:25:18)
    at Object.<anonymous> (C:\Users\Melvin\Documents\GithubRepo\PO_PSR_express_sequelize\server\routes\psr.js:3:11)
    at Module._compile (internal/modules/cjs/loader.js:778:30)
    at Object.Module._extensions..js (internal/modules/cjs/loader.js:789:10)
    at Module.load (internal/modules/cjs/loader.js:653:32)
    at tryModuleLoad (internal/modules/cjs/loader.js:593:12)
    at Function.Module._load (internal/modules/cjs/loader.js:585:3)
    at Module.require (internal/modules/cjs/loader.js:692:17)
    at require (internal/modules/cjs/helpers.js:25:18)
    at Object.<anonymous> (C:\Users\Melvin\Documents\GithubRepo\PO_PSR_express_sequelize\server\app.js:13:11)
    at Module._compile (internal/modules/cjs/loader.js:778:30)
    at Object.Module._extensions..js (internal/modules/cjs/loader.js:789:10)
    at Module.load (internal/modules/cjs/loader.js:653:32)
    at tryModuleLoad (internal/modules/cjs/loader.js:593:12)
    at Function.Module._load (internal/modules/cjs/loader.js:585:3)
    at Module.require (internal/modules/cjs/loader.js:692:17)
2019-10-20T09:35:51.300Z [psr_get_pending] error: SequelizeDatabaseError: column "nan" does not exist
2019-10-20T09:35:51.301Z [psr_get_pending_promise] error: SequelizeDatabaseError: column "nan" does not exist
2019-10-20T10:11:15.632Z [po_get_submits_promise] error: TypeError: Cannot read property 'findAll' of undefined
2019-10-20T10:28:16.926Z [po_get_submits_promise] error: TypeError: Cannot read property 'findAll' of undefined
2019-10-20T10:29:16.370Z [po_get_submits_promise] error: TypeError: Cannot read property 'findAll' of undefined
